[ 2016-11-11T21:01:43+08:00 ] ::1 /safelabbill/index.php
INFO: [ app_init ] --START--
INFO: Run Behavior\BuildLiteBehavior [ RunTime:0.000466s ]
INFO: [ app_init ] --END-- [ RunTime:0.013783s ]
INFO: [ app_begin ] --START--
INFO: Run Behavior\ReadHtmlCacheBehavior [ RunTime:0.019383s ]
INFO: [ app_begin ] --END-- [ RunTime:0.021923s ]

[ 2016-11-11T21:01:43+08:00 ] ::1 /safelabbill/index.php/Home/Login/login.html
INFO: [ app_init ] --START--
INFO: Run Behavior\BuildLiteBehavior [ RunTime:0.000277s ]
INFO: [ app_init ] --END-- [ RunTime:0.002915s ]
INFO: [ app_begin ] --START--
INFO: Run Behavior\ReadHtmlCacheBehavior [ RunTime:0.002746s ]
INFO: [ app_begin ] --END-- [ RunTime:0.004255s ]
INFO: [ view_parse ] --START--
INFO: [ template_filter ] --START--
INFO: Run Behavior\ContentReplaceBehavior [ RunTime:0.000697s ]
INFO: [ template_filter ] --END-- [ RunTime:0.002571s ]
INFO: Run Behavior\ParseTemplateBehavior [ RunTime:0.077888s ]
INFO: [ view_parse ] --END-- [ RunTime:0.079608s ]
INFO: [ view_filter ] --START--
INFO: Run Behavior\WriteHtmlCacheBehavior [ RunTime:0.015139s ]
INFO: [ view_filter ] --END-- [ RunTime:0.016952s ]
INFO: [ app_end ] --START--
INFO: Run Behavior\ShowPageTraceBehavior [ RunTime:0.003915s ]
INFO: [ app_end ] --END-- [ RunTime:0.005834s ]

[ 2016-11-11T21:01:44+08:00 ] ::1 /safelabbill/index.php/Home/Public/index
INFO: [ app_init ] --START--
INFO: Run Behavior\BuildLiteBehavior [ RunTime:0.000179s ]
INFO: [ app_init ] --END-- [ RunTime:0.001807s ]
INFO: [ app_begin ] --START--
INFO: Run Behavior\ReadHtmlCacheBehavior [ RunTime:0.001656s ]
INFO: [ app_begin ] --END-- [ RunTime:0.002566s ]
NOTIC: [8] Undefined index: l C:\codefile\xampp\htdocs\safelabbill\Application\Home\Controller\PublicController.class.php 第 11 行.
INFO: [ app_end ] --START--
INFO: Run Behavior\ShowPageTraceBehavior [ RunTime:0.007365s ]
INFO: [ app_end ] --END-- [ RunTime:0.010886s ]

[ 2016-11-11T21:02:00+08:00 ] ::1 /safelabbill/index.php/Home/Login/check_ma?verify_ma=brrv
INFO: [ app_init ] --START--
INFO: Run Behavior\BuildLiteBehavior [ RunTime:0.000166s ]
INFO: [ app_init ] --END-- [ RunTime:0.001784s ]
INFO: [ app_begin ] --START--
INFO: Run Behavior\ReadHtmlCacheBehavior [ RunTime:0.002412s ]
INFO: [ app_begin ] --END-- [ RunTime:0.003234s ]
INFO: [ app_end ] --START--
INFO: Run Behavior\ShowPageTraceBehavior [ RunTime:0.001678s ]
INFO: [ app_end ] --END-- [ RunTime:0.002406s ]

[ 2016-11-11T21:02:00+08:00 ] ::1 /safelabbill/index.php/Home/Login/do_login
INFO: [ app_init ] --START--
INFO: Run Behavior\BuildLiteBehavior [ RunTime:0.000184s ]
INFO: [ app_init ] --END-- [ RunTime:0.002190s ]
INFO: [ app_begin ] --START--
INFO: Run Behavior\ReadHtmlCacheBehavior [ RunTime:0.001479s ]
INFO: [ app_begin ] --END-- [ RunTime:0.002373s ]
SQL: SHOW COLUMNS FROM `tp_user` [ RunTime:0.0088s ]
SQL: SELECT `id` FROM `tp_user` WHERE `username` = 'haoqiang' AND `password` = '123456' LIMIT 1   [ RunTime:0.0008s ]
INFO: [ view_parse ] --START--
INFO: [ template_filter ] --START--
INFO: Run Behavior\ContentReplaceBehavior [ RunTime:0.000512s ]
INFO: [ template_filter ] --END-- [ RunTime:0.001761s ]
INFO: Run Behavior\ParseTemplateBehavior [ RunTime:0.044097s ]
INFO: [ view_parse ] --END-- [ RunTime:0.045718s ]
INFO: [ view_filter ] --START--
INFO: Run Behavior\WriteHtmlCacheBehavior [ RunTime:0.003452s ]
INFO: [ view_filter ] --END-- [ RunTime:0.005740s ]
INFO: [ app_end ] --START--
INFO: Run Behavior\ShowPageTraceBehavior [ RunTime:0.002854s ]
INFO: [ app_end ] --END-- [ RunTime:0.004616s ]

[ 2016-11-11T21:02:02+08:00 ] ::1 /safelabbill/index.php/Home/Index/index.html
INFO: [ app_init ] --START--
INFO: Run Behavior\BuildLiteBehavior [ RunTime:0.000474s ]
INFO: [ app_init ] --END-- [ RunTime:0.005811s ]
INFO: [ app_begin ] --START--
INFO: Run Behavior\ReadHtmlCacheBehavior [ RunTime:0.004356s ]
INFO: [ app_begin ] --END-- [ RunTime:0.006788s ]
SQL: SHOW COLUMNS FROM `tp_billinfo` [ RunTime:0.0309s ]
SQL: SELECT COUNT(*) AS tp_count FROM `tp_billinfo` WHERE `userid` = 1 AND `status` = 0 LIMIT 1   [ RunTime:0.1982s ]
SQL: SELECT * FROM `tp_billinfo` WHERE `userid` = 1 AND `status` = 0 ORDER BY id desc LIMIT 0,5   [ RunTime:0.0019s ]
INFO: [ view_parse ] --START--
INFO: [ template_filter ] --START--
INFO: Run Behavior\ContentReplaceBehavior [ RunTime:0.000744s ]
INFO: [ template_filter ] --END-- [ RunTime:0.002574s ]
NOTIC: [8] Undefined index: username C:\codefile\xampp\htdocs\safelabbill\Application\Runtime\Cache\Home\2a94b8bda04ff446dcedd42276fc99ee.php 第 66 行.
NOTIC: [8] Undefined index: username C:\codefile\xampp\htdocs\safelabbill\Application\Runtime\Cache\Home\2a94b8bda04ff446dcedd42276fc99ee.php 第 66 行.
NOTIC: [8] Undefined index: username C:\codefile\xampp\htdocs\safelabbill\Application\Runtime\Cache\Home\2a94b8bda04ff446dcedd42276fc99ee.php 第 66 行.
NOTIC: [8] Undefined index: username C:\codefile\xampp\htdocs\safelabbill\Application\Runtime\Cache\Home\2a94b8bda04ff446dcedd42276fc99ee.php 第 66 行.
NOTIC: [8] Undefined index: username C:\codefile\xampp\htdocs\safelabbill\Application\Runtime\Cache\Home\2a94b8bda04ff446dcedd42276fc99ee.php 第 66 行.
NOTIC: [8] Undefined index: username C:\codefile\xampp\htdocs\safelabbill\Application\Runtime\Cache\Home\2a94b8bda04ff446dcedd42276fc99ee.php 第 160 行.
NOTIC: [8] Undefined index: username C:\codefile\xampp\htdocs\safelabbill\Application\Runtime\Cache\Home\2a94b8bda04ff446dcedd42276fc99ee.php 第 160 行.
NOTIC: [8] Undefined index: username C:\codefile\xampp\htdocs\safelabbill\Application\Runtime\Cache\Home\2a94b8bda04ff446dcedd42276fc99ee.php 第 160 行.
NOTIC: [8] Undefined index: username C:\codefile\xampp\htdocs\safelabbill\Application\Runtime\Cache\Home\2a94b8bda04ff446dcedd42276fc99ee.php 第 160 行.
NOTIC: [8] Undefined index: username C:\codefile\xampp\htdocs\safelabbill\Application\Runtime\Cache\Home\2a94b8bda04ff446dcedd42276fc99ee.php 第 160 行.
INFO: Run Behavior\ParseTemplateBehavior [ RunTime:0.165793s ]
INFO: [ view_parse ] --END-- [ RunTime:0.167079s ]
INFO: [ view_filter ] --START--
INFO: Run Behavior\WriteHtmlCacheBehavior [ RunTime:0.002300s ]
INFO: [ view_filter ] --END-- [ RunTime:0.003982s ]
INFO: [ app_end ] --START--
INFO: Run Behavior\ShowPageTraceBehavior [ RunTime:0.044594s ]
INFO: [ app_end ] --END-- [ RunTime:0.045901s ]

[ 2016-11-11T21:02:05+08:00 ] ::1 /safelabbill/index.php/Home/Mybill/index
INFO: [ app_init ] --START--
INFO: Run Behavior\BuildLiteBehavior [ RunTime:0.000172s ]
INFO: [ app_init ] --END-- [ RunTime:0.001881s ]
INFO: [ app_begin ] --START--
INFO: Run Behavior\ReadHtmlCacheBehavior [ RunTime:0.001617s ]
INFO: [ app_begin ] --END-- [ RunTime:0.002507s ]
SQL: SHOW COLUMNS FROM `tp_billinfo` [ RunTime:0.0067s ]
SQL: SELECT COUNT(*) AS tp_count FROM `tp_billinfo` WHERE `userid` = 1 AND `status` = 1 LIMIT 1   [ RunTime:0.0006s ]
SQL: SELECT * FROM `tp_billinfo` WHERE `userid` = 1 AND `status` = 1 ORDER BY id LIMIT 0,5   [ RunTime:0.0006s ]
INFO: [ view_parse ] --START--
INFO: [ template_filter ] --START--
INFO: Run Behavior\ContentReplaceBehavior [ RunTime:0.000411s ]
INFO: [ template_filter ] --END-- [ RunTime:0.001243s ]
INFO: Run Behavior\ParseTemplateBehavior [ RunTime:0.048357s ]
INFO: [ view_parse ] --END-- [ RunTime:0.049207s ]
INFO: [ view_filter ] --START--
INFO: Run Behavior\WriteHtmlCacheBehavior [ RunTime:0.001379s ]
INFO: [ view_filter ] --END-- [ RunTime:0.002199s ]
INFO: [ app_end ] --START--
INFO: Run Behavior\ShowPageTraceBehavior [ RunTime:0.001662s ]
INFO: [ app_end ] --END-- [ RunTime:0.002860s ]

[ 2016-11-11T21:02:06+08:00 ] ::1 /safelabbill/index.php/Home/Aboutme/index
INFO: [ app_init ] --START--
INFO: Run Behavior\BuildLiteBehavior [ RunTime:0.000174s ]
INFO: [ app_init ] --END-- [ RunTime:0.001851s ]
INFO: [ app_begin ] --START--
INFO: Run Behavior\ReadHtmlCacheBehavior [ RunTime:0.001597s ]
INFO: [ app_begin ] --END-- [ RunTime:0.003251s ]
INFO: [ view_parse ] --START--
INFO: [ template_filter ] --START--
INFO: Run Behavior\ContentReplaceBehavior [ RunTime:0.000356s ]
INFO: [ template_filter ] --END-- [ RunTime:0.001199s ]
INFO: Run Behavior\ParseTemplateBehavior [ RunTime:0.020867s ]
INFO: [ view_parse ] --END-- [ RunTime:0.021716s ]
INFO: [ view_filter ] --START--
INFO: Run Behavior\WriteHtmlCacheBehavior [ RunTime:0.001465s ]
INFO: [ view_filter ] --END-- [ RunTime:0.002685s ]
INFO: [ app_end ] --START--
INFO: Run Behavior\ShowPageTraceBehavior [ RunTime:0.001744s ]
INFO: [ app_end ] --END-- [ RunTime:0.003000s ]

[ 2016-11-11T21:02:10+08:00 ] ::1 /safelabbill/index.php/Home/Index/index
INFO: [ app_init ] --START--
INFO: Run Behavior\BuildLiteBehavior [ RunTime:0.000168s ]
INFO: [ app_init ] --END-- [ RunTime:0.002555s ]
INFO: [ app_begin ] --START--
INFO: Run Behavior\ReadHtmlCacheBehavior [ RunTime:0.001755s ]
INFO: [ app_begin ] --END-- [ RunTime:0.002962s ]
SQL: SHOW COLUMNS FROM `tp_billinfo` [ RunTime:0.0331s ]
SQL: SELECT COUNT(*) AS tp_count FROM `tp_billinfo` WHERE `userid` = 1 AND `status` = 0 LIMIT 1   [ RunTime:0.0006s ]
SQL: SELECT * FROM `tp_billinfo` WHERE `userid` = 1 AND `status` = 0 ORDER BY id desc LIMIT 0,5   [ RunTime:0.0007s ]
INFO: [ view_parse ] --START--
INFO: [ template_filter ] --START--
INFO: Run Behavior\ContentReplaceBehavior [ RunTime:0.000851s ]
INFO: [ template_filter ] --END-- [ RunTime:0.003152s ]
NOTIC: [8] Undefined index: username C:\codefile\xampp\htdocs\safelabbill\Application\Runtime\Cache\Home\2a94b8bda04ff446dcedd42276fc99ee.php 第 66 行.
NOTIC: [8] Undefined index: username C:\codefile\xampp\htdocs\safelabbill\Application\Runtime\Cache\Home\2a94b8bda04ff446dcedd42276fc99ee.php 第 66 行.
NOTIC: [8] Undefined index: username C:\codefile\xampp\htdocs\safelabbill\Application\Runtime\Cache\Home\2a94b8bda04ff446dcedd42276fc99ee.php 第 66 行.
NOTIC: [8] Undefined index: username C:\codefile\xampp\htdocs\safelabbill\Application\Runtime\Cache\Home\2a94b8bda04ff446dcedd42276fc99ee.php 第 66 行.
NOTIC: [8] Undefined index: username C:\codefile\xampp\htdocs\safelabbill\Application\Runtime\Cache\Home\2a94b8bda04ff446dcedd42276fc99ee.php 第 66 行.
NOTIC: [8] Undefined index: username C:\codefile\xampp\htdocs\safelabbill\Application\Runtime\Cache\Home\2a94b8bda04ff446dcedd42276fc99ee.php 第 160 行.
NOTIC: [8] Undefined index: username C:\codefile\xampp\htdocs\safelabbill\Application\Runtime\Cache\Home\2a94b8bda04ff446dcedd42276fc99ee.php 第 160 行.
NOTIC: [8] Undefined index: username C:\codefile\xampp\htdocs\safelabbill\Application\Runtime\Cache\Home\2a94b8bda04ff446dcedd42276fc99ee.php 第 160 行.
NOTIC: [8] Undefined index: username C:\codefile\xampp\htdocs\safelabbill\Application\Runtime\Cache\Home\2a94b8bda04ff446dcedd42276fc99ee.php 第 160 行.
NOTIC: [8] Undefined index: username C:\codefile\xampp\htdocs\safelabbill\Application\Runtime\Cache\Home\2a94b8bda04ff446dcedd42276fc99ee.php 第 160 行.
INFO: Run Behavior\ParseTemplateBehavior [ RunTime:0.103645s ]
INFO: [ view_parse ] --END-- [ RunTime:0.104970s ]
INFO: [ view_filter ] --START--
INFO: Run Behavior\WriteHtmlCacheBehavior [ RunTime:0.003685s ]
INFO: [ view_filter ] --END-- [ RunTime:0.005856s ]
INFO: [ app_end ] --START--
INFO: Run Behavior\ShowPageTraceBehavior [ RunTime:0.004756s ]
INFO: [ app_end ] --END-- [ RunTime:0.009732s ]

[ 2016-11-11T21:02:12+08:00 ] ::1 /safelabbill/index.php/Home/Index/edit?id=35
INFO: [ app_init ] --START--
INFO: Run Behavior\BuildLiteBehavior [ RunTime:0.000229s ]
INFO: [ app_init ] --END-- [ RunTime:0.002431s ]
INFO: [ app_begin ] --START--
INFO: Run Behavior\ReadHtmlCacheBehavior [ RunTime:0.002966s ]
INFO: [ app_begin ] --END-- [ RunTime:0.004543s ]
SQL: SHOW COLUMNS FROM `tp_billinfo` [ RunTime:0.0348s ]
SQL: SELECT * FROM `tp_billinfo` WHERE `id` = 35 LIMIT 1   [ RunTime:0.0008s ]
INFO: [ view_parse ] --START--
INFO: [ template_filter ] --START--
INFO: Run Behavior\ContentReplaceBehavior [ RunTime:0.000531s ]
INFO: [ template_filter ] --END-- [ RunTime:0.001799s ]
INFO: Run Behavior\ParseTemplateBehavior [ RunTime:0.050088s ]
INFO: [ view_parse ] --END-- [ RunTime:0.051733s ]
INFO: [ view_filter ] --START--
INFO: Run Behavior\WriteHtmlCacheBehavior [ RunTime:0.002686s ]
INFO: [ view_filter ] --END-- [ RunTime:0.004365s ]
INFO: [ app_end ] --START--
INFO: Run Behavior\ShowPageTraceBehavior [ RunTime:0.002305s ]
INFO: [ app_end ] --END-- [ RunTime:0.003564s ]

[ 2016-11-11T21:02:13+08:00 ] ::1 /safelabbill/index.php/Home/Index/index
INFO: [ app_init ] --START--
INFO: Run Behavior\BuildLiteBehavior [ RunTime:0.000168s ]
INFO: [ app_init ] --END-- [ RunTime:0.001758s ]
INFO: [ app_begin ] --START--
INFO: Run Behavior\ReadHtmlCacheBehavior [ RunTime:0.002149s ]
INFO: [ app_begin ] --END-- [ RunTime:0.003736s ]
SQL: SHOW COLUMNS FROM `tp_billinfo` [ RunTime:0.0064s ]
SQL: SELECT COUNT(*) AS tp_count FROM `tp_billinfo` WHERE `userid` = 1 AND `status` = 0 LIMIT 1   [ RunTime:0.0007s ]
SQL: SELECT * FROM `tp_billinfo` WHERE `userid` = 1 AND `status` = 0 ORDER BY id desc LIMIT 0,5   [ RunTime:0.0006s ]
INFO: [ view_parse ] --START--
INFO: [ template_filter ] --START--
INFO: Run Behavior\ContentReplaceBehavior [ RunTime:0.000422s ]
INFO: [ template_filter ] --END-- [ RunTime:0.001248s ]
NOTIC: [8] Undefined index: username C:\codefile\xampp\htdocs\safelabbill\Application\Runtime\Cache\Home\2a94b8bda04ff446dcedd42276fc99ee.php 第 66 行.
NOTIC: [8] Undefined index: username C:\codefile\xampp\htdocs\safelabbill\Application\Runtime\Cache\Home\2a94b8bda04ff446dcedd42276fc99ee.php 第 66 行.
NOTIC: [8] Undefined index: username C:\codefile\xampp\htdocs\safelabbill\Application\Runtime\Cache\Home\2a94b8bda04ff446dcedd42276fc99ee.php 第 66 行.
NOTIC: [8] Undefined index: username C:\codefile\xampp\htdocs\safelabbill\Application\Runtime\Cache\Home\2a94b8bda04ff446dcedd42276fc99ee.php 第 66 行.
NOTIC: [8] Undefined index: username C:\codefile\xampp\htdocs\safelabbill\Application\Runtime\Cache\Home\2a94b8bda04ff446dcedd42276fc99ee.php 第 66 行.
NOTIC: [8] Undefined index: username C:\codefile\xampp\htdocs\safelabbill\Application\Runtime\Cache\Home\2a94b8bda04ff446dcedd42276fc99ee.php 第 160 行.
NOTIC: [8] Undefined index: username C:\codefile\xampp\htdocs\safelabbill\Application\Runtime\Cache\Home\2a94b8bda04ff446dcedd42276fc99ee.php 第 160 行.
NOTIC: [8] Undefined index: username C:\codefile\xampp\htdocs\safelabbill\Application\Runtime\Cache\Home\2a94b8bda04ff446dcedd42276fc99ee.php 第 160 行.
NOTIC: [8] Undefined index: username C:\codefile\xampp\htdocs\safelabbill\Application\Runtime\Cache\Home\2a94b8bda04ff446dcedd42276fc99ee.php 第 160 行.
NOTIC: [8] Undefined index: username C:\codefile\xampp\htdocs\safelabbill\Application\Runtime\Cache\Home\2a94b8bda04ff446dcedd42276fc99ee.php 第 160 行.
INFO: Run Behavior\ParseTemplateBehavior [ RunTime:0.046232s ]
INFO: [ view_parse ] --END-- [ RunTime:0.047149s ]
INFO: [ view_filter ] --START--
INFO: Run Behavior\WriteHtmlCacheBehavior [ RunTime:0.001827s ]
INFO: [ view_filter ] --END-- [ RunTime:0.003068s ]
INFO: [ app_end ] --START--
INFO: Run Behavior\ShowPageTraceBehavior [ RunTime:0.002358s ]
INFO: [ app_end ] --END-- [ RunTime:0.003959s ]

[ 2016-11-11T21:02:15+08:00 ] ::1 /safelabbill/index.php/Home/Index/delete?id=35
INFO: [ app_init ] --START--
INFO: Run Behavior\BuildLiteBehavior [ RunTime:0.000171s ]
INFO: [ app_init ] --END-- [ RunTime:0.001781s ]
INFO: [ app_begin ] --START--
INFO: Run Behavior\ReadHtmlCacheBehavior [ RunTime:0.001744s ]
INFO: [ app_begin ] --END-- [ RunTime:0.002833s ]
SQL: SHOW COLUMNS FROM `tp_billinfo` [ RunTime:0.0077s ]
SQL: DELETE FROM `tp_billinfo` WHERE `id` = 35 [ RunTime:0.0923s ]
INFO: [ view_parse ] --START--
INFO: [ template_filter ] --START--
INFO: Run Behavior\ContentReplaceBehavior [ RunTime:0.000961s ]
INFO: [ template_filter ] --END-- [ RunTime:0.003965s ]
INFO: Run Behavior\ParseTemplateBehavior [ RunTime:0.054773s ]
INFO: [ view_parse ] --END-- [ RunTime:0.057442s ]
INFO: [ view_filter ] --START--
INFO: Run Behavior\WriteHtmlCacheBehavior [ RunTime:0.005307s ]
INFO: [ view_filter ] --END-- [ RunTime:0.008166s ]
INFO: [ app_end ] --START--
INFO: Run Behavior\ShowPageTraceBehavior [ RunTime:0.005980s ]
INFO: [ app_end ] --END-- [ RunTime:0.008351s ]

[ 2016-11-11T21:02:17+08:00 ] ::1 /safelabbill/index.php/Home/Index/index
INFO: [ app_init ] --START--
INFO: Run Behavior\BuildLiteBehavior [ RunTime:0.000457s ]
INFO: [ app_init ] --END-- [ RunTime:0.005466s ]
INFO: [ app_begin ] --START--
INFO: Run Behavior\ReadHtmlCacheBehavior [ RunTime:0.004762s ]
INFO: [ app_begin ] --END-- [ RunTime:0.007279s ]
SQL: SHOW COLUMNS FROM `tp_billinfo` [ RunTime:0.0178s ]
SQL: SELECT COUNT(*) AS tp_count FROM `tp_billinfo` WHERE `userid` = 1 AND `status` = 0 LIMIT 1   [ RunTime:0.0017s ]
SQL: SELECT * FROM `tp_billinfo` WHERE `userid` = 1 AND `status` = 0 ORDER BY id desc LIMIT 0,5   [ RunTime:0.0010s ]
INFO: [ view_parse ] --START--
INFO: [ template_filter ] --START--
INFO: Run Behavior\ContentReplaceBehavior [ RunTime:0.000634s ]
INFO: [ template_filter ] --END-- [ RunTime:0.001775s ]
NOTIC: [8] Undefined index: username C:\codefile\xampp\htdocs\safelabbill\Application\Runtime\Cache\Home\2a94b8bda04ff446dcedd42276fc99ee.php 第 66 行.
NOTIC: [8] Undefined index: username C:\codefile\xampp\htdocs\safelabbill\Application\Runtime\Cache\Home\2a94b8bda04ff446dcedd42276fc99ee.php 第 66 行.
NOTIC: [8] Undefined index: username C:\codefile\xampp\htdocs\safelabbill\Application\Runtime\Cache\Home\2a94b8bda04ff446dcedd42276fc99ee.php 第 66 行.
NOTIC: [8] Undefined index: username C:\codefile\xampp\htdocs\safelabbill\Application\Runtime\Cache\Home\2a94b8bda04ff446dcedd42276fc99ee.php 第 66 行.
NOTIC: [8] Undefined index: username C:\codefile\xampp\htdocs\safelabbill\Application\Runtime\Cache\Home\2a94b8bda04ff446dcedd42276fc99ee.php 第 66 行.
NOTIC: [8] Undefined index: username C:\codefile\xampp\htdocs\safelabbill\Application\Runtime\Cache\Home\2a94b8bda04ff446dcedd42276fc99ee.php 第 160 行.
NOTIC: [8] Undefined index: username C:\codefile\xampp\htdocs\safelabbill\Application\Runtime\Cache\Home\2a94b8bda04ff446dcedd42276fc99ee.php 第 160 行.
NOTIC: [8] Undefined index: username C:\codefile\xampp\htdocs\safelabbill\Application\Runtime\Cache\Home\2a94b8bda04ff446dcedd42276fc99ee.php 第 160 行.
NOTIC: [8] Undefined index: username C:\codefile\xampp\htdocs\safelabbill\Application\Runtime\Cache\Home\2a94b8bda04ff446dcedd42276fc99ee.php 第 160 行.
NOTIC: [8] Undefined index: username C:\codefile\xampp\htdocs\safelabbill\Application\Runtime\Cache\Home\2a94b8bda04ff446dcedd42276fc99ee.php 第 160 行.
INFO: Run Behavior\ParseTemplateBehavior [ RunTime:0.059484s ]
INFO: [ view_parse ] --END-- [ RunTime:0.060983s ]
INFO: [ view_filter ] --START--
INFO: Run Behavior\WriteHtmlCacheBehavior [ RunTime:0.001479s ]
INFO: [ view_filter ] --END-- [ RunTime:0.002495s ]
INFO: [ app_end ] --START--
INFO: Run Behavior\ShowPageTraceBehavior [ RunTime:0.002483s ]
INFO: [ app_end ] --END-- [ RunTime:0.003764s ]

[ 2016-11-11T21:02:33+08:00 ] ::1 /safelabbill/index.php
INFO: [ app_init ] --START--
INFO: Run Behavior\BuildLiteBehavior [ RunTime:0.000225s ]
INFO: [ app_init ] --END-- [ RunTime:0.002393s ]
INFO: [ app_begin ] --START--
INFO: Run Behavior\ReadHtmlCacheBehavior [ RunTime:0.002054s ]
INFO: [ app_begin ] --END-- [ RunTime:0.003222s ]
SQL: SHOW COLUMNS FROM `tp_billinfo` [ RunTime:0.0087s ]
SQL: SELECT COUNT(*) AS tp_count FROM `tp_billinfo` WHERE `userid` = 1 AND `status` = 0 LIMIT 1   [ RunTime:0.0008s ]
SQL: SELECT * FROM `tp_billinfo` WHERE `userid` = 1 AND `status` = 0 ORDER BY id desc LIMIT 0,5   [ RunTime:0.0008s ]
INFO: [ view_parse ] --START--
INFO: [ template_filter ] --START--
INFO: Run Behavior\ContentReplaceBehavior [ RunTime:0.000579s ]
INFO: [ template_filter ] --END-- [ RunTime:0.001678s ]
NOTIC: [8] Undefined index: username C:\codefile\xampp\htdocs\safelabbill\Application\Runtime\Cache\Home\2a94b8bda04ff446dcedd42276fc99ee.php 第 66 行.
NOTIC: [8] Undefined index: username C:\codefile\xampp\htdocs\safelabbill\Application\Runtime\Cache\Home\2a94b8bda04ff446dcedd42276fc99ee.php 第 66 行.
NOTIC: [8] Undefined index: username C:\codefile\xampp\htdocs\safelabbill\Application\Runtime\Cache\Home\2a94b8bda04ff446dcedd42276fc99ee.php 第 66 行.
NOTIC: [8] Undefined index: username C:\codefile\xampp\htdocs\safelabbill\Application\Runtime\Cache\Home\2a94b8bda04ff446dcedd42276fc99ee.php 第 66 行.
NOTIC: [8] Undefined index: username C:\codefile\xampp\htdocs\safelabbill\Application\Runtime\Cache\Home\2a94b8bda04ff446dcedd42276fc99ee.php 第 66 行.
NOTIC: [8] Undefined index: username C:\codefile\xampp\htdocs\safelabbill\Application\Runtime\Cache\Home\2a94b8bda04ff446dcedd42276fc99ee.php 第 160 行.
NOTIC: [8] Undefined index: username C:\codefile\xampp\htdocs\safelabbill\Application\Runtime\Cache\Home\2a94b8bda04ff446dcedd42276fc99ee.php 第 160 行.
NOTIC: [8] Undefined index: username C:\codefile\xampp\htdocs\safelabbill\Application\Runtime\Cache\Home\2a94b8bda04ff446dcedd42276fc99ee.php 第 160 行.
NOTIC: [8] Undefined index: username C:\codefile\xampp\htdocs\safelabbill\Application\Runtime\Cache\Home\2a94b8bda04ff446dcedd42276fc99ee.php 第 160 行.
NOTIC: [8] Undefined index: username C:\codefile\xampp\htdocs\safelabbill\Application\Runtime\Cache\Home\2a94b8bda04ff446dcedd42276fc99ee.php 第 160 行.
INFO: Run Behavior\ParseTemplateBehavior [ RunTime:0.063758s ]
INFO: [ view_parse ] --END-- [ RunTime:0.064852s ]
INFO: [ view_filter ] --START--
INFO: Run Behavior\WriteHtmlCacheBehavior [ RunTime:0.002269s ]
INFO: [ view_filter ] --END-- [ RunTime:0.003565s ]
INFO: [ app_end ] --START--
INFO: Run Behavior\ShowPageTraceBehavior [ RunTime:0.007175s ]
INFO: [ app_end ] --END-- [ RunTime:0.011393s ]

[ 2016-11-11T21:02:39+08:00 ] ::1 /safelabbill/index.php/Home/Login/do_logout
INFO: [ app_init ] --START--
INFO: Run Behavior\BuildLiteBehavior [ RunTime:0.000167s ]
INFO: [ app_init ] --END-- [ RunTime:0.001741s ]
INFO: [ app_begin ] --START--
INFO: Run Behavior\ReadHtmlCacheBehavior [ RunTime:0.001654s ]
INFO: [ app_begin ] --END-- [ RunTime:0.002545s ]

[ 2016-11-11T21:02:39+08:00 ] ::1 /safelabbill/index.php/Home/Index/index.html
INFO: [ app_init ] --START--
INFO: Run Behavior\BuildLiteBehavior [ RunTime:0.000270s ]
INFO: [ app_init ] --END-- [ RunTime:0.002687s ]
INFO: [ app_begin ] --START--
INFO: Run Behavior\ReadHtmlCacheBehavior [ RunTime:0.001632s ]
INFO: [ app_begin ] --END-- [ RunTime:0.002654s ]

[ 2016-11-11T21:02:39+08:00 ] ::1 /safelabbill/index.php/Home/Login/login.html
INFO: [ app_init ] --START--
INFO: Run Behavior\BuildLiteBehavior [ RunTime:0.000152s ]
INFO: [ app_init ] --END-- [ RunTime:0.001608s ]
INFO: [ app_begin ] --START--
INFO: Run Behavior\ReadHtmlCacheBehavior [ RunTime:0.001360s ]
INFO: [ app_begin ] --END-- [ RunTime:0.002126s ]
INFO: [ view_parse ] --START--
INFO: [ template_filter ] --START--
INFO: Run Behavior\ContentReplaceBehavior [ RunTime:0.000343s ]
INFO: [ template_filter ] --END-- [ RunTime:0.001096s ]
INFO: Run Behavior\ParseTemplateBehavior [ RunTime:0.017699s ]
INFO: [ view_parse ] --END-- [ RunTime:0.018501s ]
INFO: [ view_filter ] --START--
INFO: Run Behavior\WriteHtmlCacheBehavior [ RunTime:0.001232s ]
INFO: [ view_filter ] --END-- [ RunTime:0.001954s ]
INFO: [ app_end ] --START--
INFO: Run Behavior\ShowPageTraceBehavior [ RunTime:0.001510s ]
INFO: [ app_end ] --END-- [ RunTime:0.002316s ]

[ 2016-11-11T21:02:39+08:00 ] ::1 /safelabbill/index.php/Home/Public/index
INFO: [ app_init ] --START--
INFO: Run Behavior\BuildLiteBehavior [ RunTime:0.000147s ]
INFO: [ app_init ] --END-- [ RunTime:0.001629s ]
INFO: [ app_begin ] --START--
INFO: Run Behavior\ReadHtmlCacheBehavior [ RunTime:0.002651s ]
INFO: [ app_begin ] --END-- [ RunTime:0.003777s ]
NOTIC: [8] Undefined index: l C:\codefile\xampp\htdocs\safelabbill\Application\Home\Controller\PublicController.class.php 第 11 行.
INFO: [ app_end ] --START--
INFO: Run Behavior\ShowPageTraceBehavior [ RunTime:0.005100s ]
INFO: [ app_end ] --END-- [ RunTime:0.007902s ]

[ 2016-11-11T21:02:40+08:00 ] ::1 /safelabbill/index.php/Home/Public/index?0.30602710715810755
INFO: [ app_init ] --START--
INFO: Run Behavior\BuildLiteBehavior [ RunTime:0.000267s ]
INFO: [ app_init ] --END-- [ RunTime:0.003238s ]
INFO: [ app_begin ] --START--
INFO: Run Behavior\ReadHtmlCacheBehavior [ RunTime:0.001516s ]
INFO: [ app_begin ] --END-- [ RunTime:0.002376s ]
NOTIC: [8] Undefined index: l C:\codefile\xampp\htdocs\safelabbill\Application\Home\Controller\PublicController.class.php 第 11 行.
INFO: [ app_end ] --START--
INFO: Run Behavior\ShowPageTraceBehavior [ RunTime:0.001651s ]
INFO: [ app_end ] --END-- [ RunTime:0.002524s ]

[ 2016-11-11T21:02:41+08:00 ] ::1 /safelabbill/index.php/Home/Public/index?0.30602710715810755?0.20619404138539532
INFO: [ app_init ] --START--
INFO: Run Behavior\BuildLiteBehavior [ RunTime:0.000245s ]
INFO: [ app_init ] --END-- [ RunTime:0.002694s ]
INFO: [ app_begin ] --START--
INFO: Run Behavior\ReadHtmlCacheBehavior [ RunTime:0.002155s ]
INFO: [ app_begin ] --END-- [ RunTime:0.003422s ]
NOTIC: [8] Undefined index: l C:\codefile\xampp\htdocs\safelabbill\Application\Home\Controller\PublicController.class.php 第 11 行.
INFO: [ app_end ] --START--
INFO: Run Behavior\ShowPageTraceBehavior [ RunTime:0.002236s ]
INFO: [ app_end ] --END-- [ RunTime:0.003607s ]

[ 2016-11-11T21:02:42+08:00 ] ::1 /safelabbill/index.php/Home/Public/index?0.30602710715810755?0.20619404138539532?0.340799059470972
INFO: [ app_init ] --START--
INFO: Run Behavior\BuildLiteBehavior [ RunTime:0.000455s ]
INFO: [ app_init ] --END-- [ RunTime:0.004602s ]
INFO: [ app_begin ] --START--
INFO: Run Behavior\ReadHtmlCacheBehavior [ RunTime:0.004245s ]
INFO: [ app_begin ] --END-- [ RunTime:0.006566s ]
NOTIC: [8] Undefined index: l C:\codefile\xampp\htdocs\safelabbill\Application\Home\Controller\PublicController.class.php 第 11 行.
INFO: [ app_end ] --START--
INFO: Run Behavior\ShowPageTraceBehavior [ RunTime:0.004327s ]
INFO: [ app_end ] --END-- [ RunTime:0.006759s ]

[ 2016-11-11T21:02:43+08:00 ] ::1 /safelabbill/index.php/Home/Public/index?0.30602710715810755?0.20619404138539532?0.340799059470972?0.13390362595404026
INFO: [ app_init ] --START--
INFO: Run Behavior\BuildLiteBehavior [ RunTime:0.000176s ]
INFO: [ app_init ] --END-- [ RunTime:0.001822s ]
INFO: [ app_begin ] --START--
INFO: Run Behavior\ReadHtmlCacheBehavior [ RunTime:0.001595s ]
INFO: [ app_begin ] --END-- [ RunTime:0.002440s ]
NOTIC: [8] Undefined index: l C:\codefile\xampp\htdocs\safelabbill\Application\Home\Controller\PublicController.class.php 第 11 行.
INFO: [ app_end ] --START--
INFO: Run Behavior\ShowPageTraceBehavior [ RunTime:0.001690s ]
INFO: [ app_end ] --END-- [ RunTime:0.002601s ]

[ 2016-11-11T21:02:43+08:00 ] ::1 /safelabbill/index.php/Home/Public/index?0.30602710715810755?0.20619404138539532?0.340799059470972?0.13390362595404026?0.39741487506079487
INFO: [ app_init ] --START--
INFO: Run Behavior\BuildLiteBehavior [ RunTime:0.000165s ]
INFO: [ app_init ] --END-- [ RunTime:0.001749s ]
INFO: [ app_begin ] --START--
INFO: Run Behavior\ReadHtmlCacheBehavior [ RunTime:0.001733s ]
INFO: [ app_begin ] --END-- [ RunTime:0.002924s ]
NOTIC: [8] Undefined index: l C:\codefile\xampp\htdocs\safelabbill\Application\Home\Controller\PublicController.class.php 第 11 行.
INFO: [ app_end ] --START--
INFO: Run Behavior\ShowPageTraceBehavior [ RunTime:0.001667s ]
INFO: [ app_end ] --END-- [ RunTime:0.002556s ]

[ 2016-11-11T21:02:44+08:00 ] ::1 /safelabbill/index.php/Home/Public/index?0.30602710715810755?0.20619404138539532?0.340799059470972?0.13390362595404026?0.39741487506079487?0.018377933711202443
INFO: [ app_init ] --START--
INFO: Run Behavior\BuildLiteBehavior [ RunTime:0.000187s ]
INFO: [ app_init ] --END-- [ RunTime:0.001758s ]
INFO: [ app_begin ] --START--
INFO: Run Behavior\ReadHtmlCacheBehavior [ RunTime:0.001638s ]
INFO: [ app_begin ] --END-- [ RunTime:0.002481s ]
NOTIC: [8] Undefined index: l C:\codefile\xampp\htdocs\safelabbill\Application\Home\Controller\PublicController.class.php 第 11 行.
INFO: [ app_end ] --START--
INFO: Run Behavior\ShowPageTraceBehavior [ RunTime:0.001619s ]
INFO: [ app_end ] --END-- [ RunTime:0.002475s ]

[ 2016-11-11T21:02:45+08:00 ] ::1 /safelabbill/index.php/Home/Public/index?0.30602710715810755?0.20619404138539532?0.340799059470972?0.13390362595404026?0.39741487506079487?0.018377933711202443?0.1821565122571145
INFO: [ app_init ] --START--
INFO: Run Behavior\BuildLiteBehavior [ RunTime:0.000163s ]
INFO: [ app_init ] --END-- [ RunTime:0.001688s ]
INFO: [ app_begin ] --START--
INFO: Run Behavior\ReadHtmlCacheBehavior [ RunTime:0.002578s ]
INFO: [ app_begin ] --END-- [ RunTime:0.003744s ]
NOTIC: [8] Undefined index: l C:\codefile\xampp\htdocs\safelabbill\Application\Home\Controller\PublicController.class.php 第 11 行.
INFO: [ app_end ] --START--
INFO: Run Behavior\ShowPageTraceBehavior [ RunTime:0.001598s ]
INFO: [ app_end ] --END-- [ RunTime:0.002456s ]

[ 2016-11-11T21:02:49+08:00 ] ::1 /safelabbill/index.php/Home/Public/index?0.30602710715810755?0.20619404138539532?0.340799059470972?0.13390362595404026?0.39741487506079487?0.018377933711202443?0.1821565122571145?0.29472286922235336
INFO: [ app_init ] --START--
INFO: Run Behavior\BuildLiteBehavior [ RunTime:0.000168s ]
INFO: [ app_init ] --END-- [ RunTime:0.001729s ]
INFO: [ app_begin ] --START--
INFO: Run Behavior\ReadHtmlCacheBehavior [ RunTime:0.002146s ]
INFO: [ app_begin ] --END-- [ RunTime:0.003703s ]
NOTIC: [8] Undefined index: l C:\codefile\xampp\htdocs\safelabbill\Application\Home\Controller\PublicController.class.php 第 11 行.
INFO: [ app_end ] --START--
INFO: Run Behavior\ShowPageTraceBehavior [ RunTime:0.001623s ]
INFO: [ app_end ] --END-- [ RunTime:0.002472s ]

[ 2016-11-11T21:02:50+08:00 ] ::1 /safelabbill/index.php/Home/Public/index?0.30602710715810755?0.20619404138539532?0.340799059470972?0.13390362595404026?0.39741487506079487?0.018377933711202443?0.1821565122571145?0.29472286922235336?0.4548441263180474
INFO: [ app_init ] --START--
INFO: Run Behavior\BuildLiteBehavior [ RunTime:0.000167s ]
INFO: [ app_init ] --END-- [ RunTime:0.001704s ]
INFO: [ app_begin ] --START--
INFO: Run Behavior\ReadHtmlCacheBehavior [ RunTime:0.001576s ]
INFO: [ app_begin ] --END-- [ RunTime:0.002451s ]
NOTIC: [8] Undefined index: l C:\codefile\xampp\htdocs\safelabbill\Application\Home\Controller\PublicController.class.php 第 11 行.
INFO: [ app_end ] --START--
INFO: Run Behavior\ShowPageTraceBehavior [ RunTime:0.001625s ]
INFO: [ app_end ] --END-- [ RunTime:0.002474s ]

[ 2016-11-11T21:02:55+08:00 ] ::1 /safelabbill/index.php/Home/Public/index?0.30602710715810755?0.20619404138539532?0.340799059470972?0.13390362595404026?0.39741487506079487?0.018377933711202443?0.1821565122571145?0.29472286922235336?0.4548441263180474?0.7665396351355231
INFO: [ app_init ] --START--
INFO: Run Behavior\BuildLiteBehavior [ RunTime:0.000195s ]
INFO: [ app_init ] --END-- [ RunTime:0.002025s ]
INFO: [ app_begin ] --START--
INFO: Run Behavior\ReadHtmlCacheBehavior [ RunTime:0.001631s ]
INFO: [ app_begin ] --END-- [ RunTime:0.002700s ]
NOTIC: [8] Undefined index: l C:\codefile\xampp\htdocs\safelabbill\Application\Home\Controller\PublicController.class.php 第 11 行.
INFO: [ app_end ] --START--
INFO: Run Behavior\ShowPageTraceBehavior [ RunTime:0.001396s ]
INFO: [ app_end ] --END-- [ RunTime:0.002175s ]

[ 2016-11-11T21:03:00+08:00 ] ::1 /safelabbill/index.php/Home/Public/index?0.30602710715810755?0.20619404138539532?0.340799059470972?0.13390362595404026?0.39741487506079487?0.018377933711202443?0.1821565122571145?0.29472286922235336?0.4548441263180474?0.7665396351355231?0.9755675579608003
INFO: [ app_init ] --START--
INFO: Run Behavior\BuildLiteBehavior [ RunTime:0.000169s ]
INFO: [ app_init ] --END-- [ RunTime:0.001909s ]
INFO: [ app_begin ] --START--
INFO: Run Behavior\ReadHtmlCacheBehavior [ RunTime:0.001791s ]
INFO: [ app_begin ] --END-- [ RunTime:0.002873s ]
NOTIC: [8] Undefined index: l C:\codefile\xampp\htdocs\safelabbill\Application\Home\Controller\PublicController.class.php 第 11 行.
INFO: [ app_end ] --START--
INFO: Run Behavior\ShowPageTraceBehavior [ RunTime:0.001465s ]
INFO: [ app_end ] --END-- [ RunTime:0.002248s ]

[ 2016-11-11T21:03:04+08:00 ] ::1 /safelabbill/index.php/Home/Public/index?0.30602710715810755?0.20619404138539532?0.340799059470972?0.13390362595404026?0.39741487506079487?0.018377933711202443?0.1821565122571145?0.29472286922235336?0.4548441263180474?0.7665396351355231?0.9755675579608003?0.7271065099916709
INFO: [ app_init ] --START--
INFO: Run Behavior\BuildLiteBehavior [ RunTime:0.000168s ]
INFO: [ app_init ] --END-- [ RunTime:0.001766s ]
INFO: [ app_begin ] --START--
INFO: Run Behavior\ReadHtmlCacheBehavior [ RunTime:0.001588s ]
INFO: [ app_begin ] --END-- [ RunTime:0.002468s ]
NOTIC: [8] Undefined index: l C:\codefile\xampp\htdocs\safelabbill\Application\Home\Controller\PublicController.class.php 第 11 行.
INFO: [ app_end ] --START--
INFO: Run Behavior\ShowPageTraceBehavior [ RunTime:0.001718s ]
INFO: [ app_end ] --END-- [ RunTime:0.002677s ]

[ 2016-11-11T21:03:14+08:00 ] ::1 /safelabbill/index.php/Home/Public/index?0.30602710715810755?0.20619404138539532?0.340799059470972?0.13390362595404026?0.39741487506079487?0.018377933711202443?0.1821565122571145?0.29472286922235336?0.4548441263180474?0.7665396351355231?0.9755675579608003?0.7271065099916709?0.5161137266159648
INFO: [ app_init ] --START--
INFO: Run Behavior\BuildLiteBehavior [ RunTime:0.000164s ]
INFO: [ app_init ] --END-- [ RunTime:0.001710s ]
INFO: [ app_begin ] --START--
INFO: Run Behavior\ReadHtmlCacheBehavior [ RunTime:0.001693s ]
INFO: [ app_begin ] --END-- [ RunTime:0.002604s ]
NOTIC: [8] Undefined index: l C:\codefile\xampp\htdocs\safelabbill\Application\Home\Controller\PublicController.class.php 第 11 行.
INFO: [ app_end ] --START--
INFO: Run Behavior\ShowPageTraceBehavior [ RunTime:0.001415s ]
INFO: [ app_end ] --END-- [ RunTime:0.002158s ]

[ 2016-11-11T21:03:14+08:00 ] ::1 /safelabbill/index.php/Home/Public/index?0.30602710715810755?0.20619404138539532?0.340799059470972?0.13390362595404026?0.39741487506079487?0.018377933711202443?0.1821565122571145?0.29472286922235336?0.4548441263180474?0.7665396351355231?0.9755675579608003?0.7271065099916709?0.5161137266159648?0.2523204711279903
INFO: [ app_init ] --START--
INFO: Run Behavior\BuildLiteBehavior [ RunTime:0.000166s ]
INFO: [ app_init ] --END-- [ RunTime:0.001684s ]
INFO: [ app_begin ] --START--
INFO: Run Behavior\ReadHtmlCacheBehavior [ RunTime:0.001541s ]
INFO: [ app_begin ] --END-- [ RunTime:0.002406s ]
NOTIC: [8] Undefined index: l C:\codefile\xampp\htdocs\safelabbill\Application\Home\Controller\PublicController.class.php 第 11 行.
INFO: [ app_end ] --START--
INFO: Run Behavior\ShowPageTraceBehavior [ RunTime:0.001715s ]
INFO: [ app_end ] --END-- [ RunTime:0.002633s ]

[ 2016-11-11T21:03:15+08:00 ] ::1 /safelabbill/index.php/Home/Public/index?0.30602710715810755?0.20619404138539532?0.340799059470972?0.13390362595404026?0.39741487506079487?0.018377933711202443?0.1821565122571145?0.29472286922235336?0.4548441263180474?0.7665396351355231?0.9755675579608003?0.7271065099916709?0.5161137266159648?0.2523204711279903?0.562177025993448
INFO: [ app_init ] --START--
INFO: Run Behavior\BuildLiteBehavior [ RunTime:0.000170s ]
INFO: [ app_init ] --END-- [ RunTime:0.001838s ]
INFO: [ app_begin ] --START--
INFO: Run Behavior\ReadHtmlCacheBehavior [ RunTime:0.002289s ]
INFO: [ app_begin ] --END-- [ RunTime:0.003719s ]
NOTIC: [8] Undefined index: l C:\codefile\xampp\htdocs\safelabbill\Application\Home\Controller\PublicController.class.php 第 11 行.
INFO: [ app_end ] --START--
INFO: Run Behavior\ShowPageTraceBehavior [ RunTime:0.001601s ]
INFO: [ app_end ] --END-- [ RunTime:0.002453s ]

[ 2016-11-11T21:03:24+08:00 ] ::1 /safelabbill/index.php/Home/Public/index?0.30602710715810755?0.20619404138539532?0.340799059470972?0.13390362595404026?0.39741487506079487?0.018377933711202443?0.1821565122571145?0.29472286922235336?0.4548441263180474?0.7665396351355231?0.9755675579608003?0.7271065099916709?0.5161137266159648?0.2523204711279903?0.562177025993448?0.23101377083664065
INFO: [ app_init ] --START--
INFO: Run Behavior\BuildLiteBehavior [ RunTime:0.000166s ]
INFO: [ app_init ] --END-- [ RunTime:0.001726s ]
INFO: [ app_begin ] --START--
INFO: Run Behavior\ReadHtmlCacheBehavior [ RunTime:0.001690s ]
INFO: [ app_begin ] --END-- [ RunTime:0.002560s ]
NOTIC: [8] Undefined index: l C:\codefile\xampp\htdocs\safelabbill\Application\Home\Controller\PublicController.class.php 第 11 行.
INFO: [ app_end ] --START--
INFO: Run Behavior\ShowPageTraceBehavior [ RunTime:0.001639s ]
INFO: [ app_end ] --END-- [ RunTime:0.002500s ]

[ 2016-11-11T21:04:26+08:00 ] ::1 /safelabbill/index.php/Home/Login/do_logout
INFO: [ app_init ] --START--
INFO: Run Behavior\BuildLiteBehavior [ RunTime:0.000168s ]
INFO: [ app_init ] --END-- [ RunTime:0.001757s ]
INFO: [ app_begin ] --START--
INFO: Run Behavior\ReadHtmlCacheBehavior [ RunTime:0.001605s ]
INFO: [ app_begin ] --END-- [ RunTime:0.002481s ]

[ 2016-11-11T21:04:27+08:00 ] ::1 /safelabbill/index.php/Home/Index/index.html
INFO: [ app_init ] --START--
INFO: Run Behavior\BuildLiteBehavior [ RunTime:0.000172s ]
INFO: [ app_init ] --END-- [ RunTime:0.001728s ]
INFO: [ app_begin ] --START--
INFO: Run Behavior\ReadHtmlCacheBehavior [ RunTime:0.001960s ]
INFO: [ app_begin ] --END-- [ RunTime:0.003029s ]

[ 2016-11-11T21:04:27+08:00 ] ::1 /safelabbill/index.php/Home/Login/login.html
INFO: [ app_init ] --START--
INFO: Run Behavior\BuildLiteBehavior [ RunTime:0.000185s ]
INFO: [ app_init ] --END-- [ RunTime:0.001730s ]
INFO: [ app_begin ] --START--
INFO: Run Behavior\ReadHtmlCacheBehavior [ RunTime:0.001676s ]
INFO: [ app_begin ] --END-- [ RunTime:0.002702s ]
INFO: [ view_parse ] --START--
INFO: [ template_filter ] --START--
INFO: Run Behavior\ContentReplaceBehavior [ RunTime:0.000438s ]
INFO: [ template_filter ] --END-- [ RunTime:0.001444s ]
INFO: Run Behavior\ParseTemplateBehavior [ RunTime:0.020199s ]
INFO: [ view_parse ] --END-- [ RunTime:0.021084s ]
INFO: [ view_filter ] --START--
INFO: Run Behavior\WriteHtmlCacheBehavior [ RunTime:0.001325s ]
INFO: [ view_filter ] --END-- [ RunTime:0.002172s ]
INFO: [ app_end ] --START--
INFO: Run Behavior\ShowPageTraceBehavior [ RunTime:0.001713s ]
INFO: [ app_end ] --END-- [ RunTime:0.002754s ]

[ 2016-11-11T21:04:27+08:00 ] ::1 /safelabbill/index.php/Home/Public/index
INFO: [ app_init ] --START--
INFO: Run Behavior\BuildLiteBehavior [ RunTime:0.000164s ]
INFO: [ app_init ] --END-- [ RunTime:0.002030s ]
INFO: [ app_begin ] --START--
INFO: Run Behavior\ReadHtmlCacheBehavior [ RunTime:0.001413s ]
INFO: [ app_begin ] --END-- [ RunTime:0.002160s ]
NOTIC: [8] Undefined index: l C:\codefile\xampp\htdocs\safelabbill\Application\Home\Controller\PublicController.class.php 第 11 行.
INFO: [ app_end ] --START--
INFO: Run Behavior\ShowPageTraceBehavior [ RunTime:0.001566s ]
INFO: [ app_end ] --END-- [ RunTime:0.002413s ]

[ 2016-11-11T21:04:45+08:00 ] ::1 /safelabbill/index.php
INFO: [ app_init ] --START--
INFO: Run Behavior\BuildLiteBehavior [ RunTime:0.000174s ]
INFO: [ app_init ] --END-- [ RunTime:0.001746s ]
INFO: [ app_begin ] --START--
INFO: Run Behavior\ReadHtmlCacheBehavior [ RunTime:0.004425s ]
INFO: [ app_begin ] --END-- [ RunTime:0.005934s ]

[ 2016-11-11T21:04:45+08:00 ] ::1 /safelabbill/index.php/Home/Login/login.html
INFO: [ app_init ] --START--
INFO: Run Behavior\BuildLiteBehavior [ RunTime:0.000174s ]
INFO: [ app_init ] --END-- [ RunTime:0.001686s ]
INFO: [ app_begin ] --START--
INFO: Run Behavior\ReadHtmlCacheBehavior [ RunTime:0.001800s ]
INFO: [ app_begin ] --END-- [ RunTime:0.002695s ]
INFO: [ view_parse ] --START--
INFO: [ template_filter ] --START--
INFO: Run Behavior\ContentReplaceBehavior [ RunTime:0.000427s ]
INFO: [ template_filter ] --END-- [ RunTime:0.001314s ]
INFO: Run Behavior\ParseTemplateBehavior [ RunTime:0.021005s ]
INFO: [ view_parse ] --END-- [ RunTime:0.021903s ]
INFO: [ view_filter ] --START--
INFO: Run Behavior\WriteHtmlCacheBehavior [ RunTime:0.001836s ]
INFO: [ view_filter ] --END-- [ RunTime:0.002717s ]
INFO: [ app_end ] --START--
INFO: Run Behavior\ShowPageTraceBehavior [ RunTime:0.001886s ]
INFO: [ app_end ] --END-- [ RunTime:0.002769s ]

[ 2016-11-11T21:04:46+08:00 ] ::1 /safelabbill/index.php/Home/Public/index
INFO: [ app_init ] --START--
INFO: Run Behavior\BuildLiteBehavior [ RunTime:0.000416s ]
INFO: [ app_init ] --END-- [ RunTime:0.003565s ]
INFO: [ app_begin ] --START--
INFO: Run Behavior\ReadHtmlCacheBehavior [ RunTime:0.002306s ]
INFO: [ app_begin ] --END-- [ RunTime:0.003652s ]
NOTIC: [8] Undefined index: l C:\codefile\xampp\htdocs\safelabbill\Application\Home\Controller\PublicController.class.php 第 11 行.
INFO: [ app_end ] --START--
INFO: Run Behavior\ShowPageTraceBehavior [ RunTime:0.004092s ]
INFO: [ app_end ] --END-- [ RunTime:0.005481s ]

[ 2016-11-11T21:04:47+08:00 ] ::1 /safelabbill/index.php/Home/Register/register
INFO: [ app_init ] --START--
INFO: Run Behavior\BuildLiteBehavior [ RunTime:0.000164s ]
INFO: [ app_init ] --END-- [ RunTime:0.001688s ]
INFO: [ app_begin ] --START--
INFO: Run Behavior\ReadHtmlCacheBehavior [ RunTime:0.001567s ]
INFO: [ app_begin ] --END-- [ RunTime:0.002444s ]
INFO: [ view_parse ] --START--
INFO: [ template_filter ] --START--
INFO: Run Behavior\ContentReplaceBehavior [ RunTime:0.000432s ]
INFO: [ template_filter ] --END-- [ RunTime:0.001315s ]
INFO: Run Behavior\ParseTemplateBehavior [ RunTime:0.030407s ]
INFO: [ view_parse ] --END-- [ RunTime:0.031266s ]
INFO: [ view_filter ] --START--
INFO: Run Behavior\WriteHtmlCacheBehavior [ RunTime:0.001347s ]
INFO: [ view_filter ] --END-- [ RunTime:0.002197s ]
INFO: [ app_end ] --START--
INFO: Run Behavior\ShowPageTraceBehavior [ RunTime:0.002636s ]
INFO: [ app_end ] --END-- [ RunTime:0.004063s ]

[ 2016-11-11T21:04:47+08:00 ] ::1 /safelabbill/index.php/Home/Public/index?l=3
INFO: [ app_init ] --START--
INFO: Run Behavior\BuildLiteBehavior [ RunTime:0.000190s ]
INFO: [ app_init ] --END-- [ RunTime:0.002225s ]
INFO: [ app_begin ] --START--
INFO: Run Behavior\ReadHtmlCacheBehavior [ RunTime:0.002224s ]
INFO: [ app_begin ] --END-- [ RunTime:0.003960s ]
INFO: [ app_end ] --START--
INFO: Run Behavior\ShowPageTraceBehavior [ RunTime:0.005167s ]
INFO: [ app_end ] --END-- [ RunTime:0.006240s ]

[ 2016-11-11T21:04:49+08:00 ] ::1 /safelabbill/index.php/Home/Register/checkname?username=
INFO: [ app_init ] --START--
INFO: Run Behavior\BuildLiteBehavior [ RunTime:0.000384s ]
INFO: [ app_init ] --END-- [ RunTime:0.003202s ]
INFO: [ app_begin ] --START--
INFO: Run Behavior\ReadHtmlCacheBehavior [ RunTime:0.002322s ]
INFO: [ app_begin ] --END-- [ RunTime:0.003270s ]
SQL: SHOW COLUMNS FROM `tp_user` [ RunTime:0.0076s ]
SQL: SELECT COUNT(*) AS tp_count FROM `tp_user` WHERE `username` = '' LIMIT 1   [ RunTime:0.0005s ]
INFO: [ app_end ] --START--
INFO: Run Behavior\ShowPageTraceBehavior [ RunTime:0.003911s ]
INFO: [ app_end ] --END-- [ RunTime:0.004806s ]

[ 2016-11-11T21:04:50+08:00 ] ::1 /safelabbill/index.php/Home/Register/checkname?username=
INFO: [ app_init ] --START--
INFO: Run Behavior\BuildLiteBehavior [ RunTime:0.000187s ]
INFO: [ app_init ] --END-- [ RunTime:0.002374s ]
INFO: [ app_begin ] --START--
INFO: Run Behavior\ReadHtmlCacheBehavior [ RunTime:0.002367s ]
INFO: [ app_begin ] --END-- [ RunTime:0.003836s ]
SQL: SHOW COLUMNS FROM `tp_user` [ RunTime:0.0430s ]
SQL: SELECT COUNT(*) AS tp_count FROM `tp_user` WHERE `username` = '' LIMIT 1   [ RunTime:0.0006s ]
INFO: [ app_end ] --START--
INFO: Run Behavior\ShowPageTraceBehavior [ RunTime:0.001346s ]
INFO: [ app_end ] --END-- [ RunTime:0.001941s ]

[ 2016-11-11T21:04:53+08:00 ] ::1 /safelabbill/index.php/Home/Public/index?l=3?0.6877378584138283
INFO: [ app_init ] --START--
INFO: Run Behavior\BuildLiteBehavior [ RunTime:0.000167s ]
INFO: [ app_init ] --END-- [ RunTime:0.001725s ]
INFO: [ app_begin ] --START--
INFO: Run Behavior\ReadHtmlCacheBehavior [ RunTime:0.001646s ]
INFO: [ app_begin ] --END-- [ RunTime:0.002502s ]
INFO: [ app_end ] --START--
INFO: Run Behavior\ShowPageTraceBehavior [ RunTime:0.001980s ]
INFO: [ app_end ] --END-- [ RunTime:0.003064s ]

[ 2016-11-11T21:04:54+08:00 ] ::1 /safelabbill/index.php/Home/Public/index?l=3?0.6877378584138283?0.3811736597855919
INFO: [ app_init ] --START--
INFO: Run Behavior\BuildLiteBehavior [ RunTime:0.000167s ]
INFO: [ app_init ] --END-- [ RunTime:0.001967s ]
INFO: [ app_begin ] --START--
INFO: Run Behavior\ReadHtmlCacheBehavior [ RunTime:0.001773s ]
INFO: [ app_begin ] --END-- [ RunTime:0.002631s ]
INFO: [ app_end ] --START--
INFO: Run Behavior\ShowPageTraceBehavior [ RunTime:0.001640s ]
INFO: [ app_end ] --END-- [ RunTime:0.002519s ]

[ 2016-11-11T21:05:04+08:00 ] ::1 /safelabbill/index.php/Home/Login/check_ma?verify_ma=sdfsd
INFO: [ app_init ] --START--
INFO: Run Behavior\BuildLiteBehavior [ RunTime:0.000167s ]
INFO: [ app_init ] --END-- [ RunTime:0.001703s ]
INFO: [ app_begin ] --START--
INFO: Run Behavior\ReadHtmlCacheBehavior [ RunTime:0.001665s ]
INFO: [ app_begin ] --END-- [ RunTime:0.002367s ]
INFO: [ app_end ] --START--
INFO: Run Behavior\ShowPageTraceBehavior [ RunTime:0.001955s ]
INFO: [ app_end ] --END-- [ RunTime:0.002943s ]

[ 2016-11-11T21:05:08+08:00 ] ::1 /safelabbill/index.php/Home/Login/check_ma?verify_ma=sdfs
INFO: [ app_init ] --START--
INFO: Run Behavior\BuildLiteBehavior [ RunTime:0.000167s ]
INFO: [ app_init ] --END-- [ RunTime:0.001727s ]
INFO: [ app_begin ] --START--
INFO: Run Behavior\ReadHtmlCacheBehavior [ RunTime:0.001568s ]
INFO: [ app_begin ] --END-- [ RunTime:0.002399s ]
INFO: [ app_end ] --START--
INFO: Run Behavior\ShowPageTraceBehavior [ RunTime:0.001617s ]
INFO: [ app_end ] --END-- [ RunTime:0.002351s ]

[ 2016-11-11T21:05:10+08:00 ] ::1 /safelabbill/index.php/Home/Public/index?0.728365437982665
INFO: [ app_init ] --START--
INFO: Run Behavior\BuildLiteBehavior [ RunTime:0.000181s ]
INFO: [ app_init ] --END-- [ RunTime:0.001787s ]
INFO: [ app_begin ] --START--
INFO: Run Behavior\ReadHtmlCacheBehavior [ RunTime:0.001675s ]
INFO: [ app_begin ] --END-- [ RunTime:0.002578s ]
NOTIC: [8] Undefined index: l C:\codefile\xampp\htdocs\safelabbill\Application\Home\Controller\PublicController.class.php 第 11 行.
INFO: [ app_end ] --START--
INFO: Run Behavior\ShowPageTraceBehavior [ RunTime:0.001620s ]
INFO: [ app_end ] --END-- [ RunTime:0.002645s ]

[ 2016-11-11T21:05:15+08:00 ] ::1 /safelabbill/index.php/Home/Login/check_ma?verify_ma=hykp
INFO: [ app_init ] --START--
INFO: Run Behavior\BuildLiteBehavior [ RunTime:0.000167s ]
INFO: [ app_init ] --END-- [ RunTime:0.001649s ]
INFO: [ app_begin ] --START--
INFO: Run Behavior\ReadHtmlCacheBehavior [ RunTime:0.001818s ]
INFO: [ app_begin ] --END-- [ RunTime:0.002515s ]
INFO: [ app_end ] --START--
INFO: Run Behavior\ShowPageTraceBehavior [ RunTime:0.001682s ]
INFO: [ app_end ] --END-- [ RunTime:0.002351s ]

